<?xml version="1.0" encoding="UTF-8"?>
<testsuite xmlns:xsi="http://www.w3.org/2001/XMLSchema-instance" xsi:noNamespaceSchemaLocation="https://maven.apache.org/surefire/maven-surefire-plugin/xsd/surefire-test-report.xsd" name="TestSuite" time="0.493" tests="2" errors="0" skipped="0" failures="0">
  <properties>
    <property name="java.specification.version" value="14"/>
    <property name="sun.cpu.isalist" value="amd64"/>
    <property name="sun.jnu.encoding" value="Cp1252"/>
    <property name="java.class.path" value="E:\eclipse-workspace1\MavenUndrstanding\target\test-classes;E:\eclipse-workspace1\MavenUndrstanding\target\classes;C:\Users\Dinesh Arul\.m2\repository\junit\junit\4.11\junit-4.11.jar;C:\Users\Dinesh Arul\.m2\repository\org\hamcrest\hamcrest-core\1.3\hamcrest-core-1.3.jar;C:\Users\Dinesh Arul\.m2\repository\org\testng\testng\7.3.0\testng-7.3.0.jar;C:\Users\Dinesh Arul\.m2\repository\org\apache\ant\ant\1.10.3\ant-1.10.3.jar;C:\Users\Dinesh Arul\.m2\repository\org\apache\ant\ant-launcher\1.10.3\ant-launcher-1.10.3.jar;C:\Users\Dinesh Arul\.m2\repository\com\google\inject\guice\4.2.2\guice-4.2.2-no_aop.jar;C:\Users\Dinesh Arul\.m2\repository\org\yaml\snakeyaml\1.21\snakeyaml-1.21.jar;C:\Users\Dinesh Arul\.m2\repository\com\beust\jcommander\1.78\jcommander-1.78.jar;C:\Users\Dinesh Arul\.m2\repository\com\google\inject\guice\4.2.3\guice-4.2.3.jar;C:\Users\Dinesh Arul\.m2\repository\javax\inject\javax.inject\1\javax.inject-1.jar;C:\Users\Dinesh Arul\.m2\repository\aopalliance\aopalliance\1.0\aopalliance-1.0.jar;C:\Users\Dinesh Arul\.m2\repository\com\google\guava\guava\27.1-jre\guava-27.1-jre.jar;C:\Users\Dinesh Arul\.m2\repository\com\google\guava\failureaccess\1.0.1\failureaccess-1.0.1.jar;C:\Users\Dinesh Arul\.m2\repository\com\google\guava\listenablefuture\9999.0-empty-to-avoid-conflict-with-guava\listenablefuture-9999.0-empty-to-avoid-conflict-with-guava.jar;C:\Users\Dinesh Arul\.m2\repository\com\google\code\findbugs\jsr305\3.0.2\jsr305-3.0.2.jar;C:\Users\Dinesh Arul\.m2\repository\org\checkerframework\checker-qual\2.5.2\checker-qual-2.5.2.jar;C:\Users\Dinesh Arul\.m2\repository\com\google\errorprone\error_prone_annotations\2.2.0\error_prone_annotations-2.2.0.jar;C:\Users\Dinesh Arul\.m2\repository\com\google\j2objc\j2objc-annotations\1.1\j2objc-annotations-1.1.jar;C:\Users\Dinesh Arul\.m2\repository\org\codehaus\mojo\animal-sniffer-annotations\1.17\animal-sniffer-annotations-1.17.jar;"/>
    <property name="java.vm.vendor" value="Oracle Corporation"/>
    <property name="sun.arch.data.model" value="64"/>
    <property name="user.variant" value=""/>
    <property name="java.vendor.url" value="https://java.oracle.com/"/>
    <property name="user.timezone" value="Asia/Calcutta"/>
    <property name="os.name" value="Windows 10"/>
    <property name="java.vm.specification.version" value="14"/>
    <property name="sun.java.launcher" value="SUN_STANDARD"/>
    <property name="user.country" value="IN"/>
    <property name="sun.boot.library.path" value="C:\Program Files\Java\jdk-14.0.2\bin"/>
    <property name="sun.java.command" value="C:\Users\DINESH~1\AppData\Local\Temp\surefire13510571611594103500\surefirebooter11735208748378878665.jar C:\Users\Dinesh Arul\AppData\Local\Temp\surefire13510571611594103500 2020-10-06T12-56-14_742-jvmRun1 surefire5013382356165997611tmp surefire_018251881229246486212tmp"/>
    <property name="jdk.debug" value="release"/>
    <property name="surefire.test.class.path" value="E:\eclipse-workspace1\MavenUndrstanding\target\test-classes;E:\eclipse-workspace1\MavenUndrstanding\target\classes;C:\Users\Dinesh Arul\.m2\repository\junit\junit\4.11\junit-4.11.jar;C:\Users\Dinesh Arul\.m2\repository\org\hamcrest\hamcrest-core\1.3\hamcrest-core-1.3.jar;C:\Users\Dinesh Arul\.m2\repository\org\testng\testng\7.3.0\testng-7.3.0.jar;C:\Users\Dinesh Arul\.m2\repository\org\apache\ant\ant\1.10.3\ant-1.10.3.jar;C:\Users\Dinesh Arul\.m2\repository\org\apache\ant\ant-launcher\1.10.3\ant-launcher-1.10.3.jar;C:\Users\Dinesh Arul\.m2\repository\com\google\inject\guice\4.2.2\guice-4.2.2-no_aop.jar;C:\Users\Dinesh Arul\.m2\repository\org\yaml\snakeyaml\1.21\snakeyaml-1.21.jar;C:\Users\Dinesh Arul\.m2\repository\com\beust\jcommander\1.78\jcommander-1.78.jar;C:\Users\Dinesh Arul\.m2\repository\com\google\inject\guice\4.2.3\guice-4.2.3.jar;C:\Users\Dinesh Arul\.m2\repository\javax\inject\javax.inject\1\javax.inject-1.jar;C:\Users\Dinesh Arul\.m2\repository\aopalliance\aopalliance\1.0\aopalliance-1.0.jar;C:\Users\Dinesh Arul\.m2\repository\com\google\guava\guava\27.1-jre\guava-27.1-jre.jar;C:\Users\Dinesh Arul\.m2\repository\com\google\guava\failureaccess\1.0.1\failureaccess-1.0.1.jar;C:\Users\Dinesh Arul\.m2\repository\com\google\guava\listenablefuture\9999.0-empty-to-avoid-conflict-with-guava\listenablefuture-9999.0-empty-to-avoid-conflict-with-guava.jar;C:\Users\Dinesh Arul\.m2\repository\com\google\code\findbugs\jsr305\3.0.2\jsr305-3.0.2.jar;C:\Users\Dinesh Arul\.m2\repository\org\checkerframework\checker-qual\2.5.2\checker-qual-2.5.2.jar;C:\Users\Dinesh Arul\.m2\repository\com\google\errorprone\error_prone_annotations\2.2.0\error_prone_annotations-2.2.0.jar;C:\Users\Dinesh Arul\.m2\repository\com\google\j2objc\j2objc-annotations\1.1\j2objc-annotations-1.1.jar;C:\Users\Dinesh Arul\.m2\repository\org\codehaus\mojo\animal-sniffer-annotations\1.17\animal-sniffer-annotations-1.17.jar;"/>
    <property name="sun.cpu.endian" value="little"/>
    <property name="user.home" value="C:\Users\Dinesh Arul"/>
    <property name="user.language" value="en"/>
    <property name="java.specification.vendor" value="Oracle Corporation"/>
    <property name="java.version.date" value="2020-07-14"/>
    <property name="java.home" value="C:\Program Files\Java\jdk-14.0.2"/>
    <property name="file.separator" value="\"/>
    <property name="basedir" value="E:\eclipse-workspace1\MavenUndrstanding"/>
    <property name="java.vm.compressedOopsMode" value="32-bit"/>
    <property name="line.separator" value="&#10;"/>
    <property name="java.vm.specification.vendor" value="Oracle Corporation"/>
    <property name="java.specification.name" value="Java Platform API Specification"/>
    <property name="surefire.real.class.path" value="C:\Users\DINESH~1\AppData\Local\Temp\surefire13510571611594103500\surefirebooter11735208748378878665.jar"/>
    <property name="user.script" value=""/>
    <property name="sun.management.compiler" value="HotSpot 64-Bit Tiered Compilers"/>
    <property name="java.runtime.version" value="14.0.2+12-46"/>
    <property name="user.name" value="Dinesh Arul"/>
    <property name="path.separator" value=";"/>
    <property name="os.version" value="10.0"/>
    <property name="java.runtime.name" value="Java(TM) SE Runtime Environment"/>
    <property name="file.encoding" value="Cp1252"/>
    <property name="java.vm.name" value="Java HotSpot(TM) 64-Bit Server VM"/>
    <property name="localRepository" value="C:\Users\Dinesh Arul\.m2\repository"/>
    <property name="java.vendor.url.bug" value="https://bugreport.java.com/bugreport/"/>
    <property name="java.io.tmpdir" value="C:\Users\DINESH~1\AppData\Local\Temp\"/>
    <property name="java.version" value="14.0.2"/>
    <property name="user.dir" value="E:\eclipse-workspace1\MavenUndrstanding"/>
    <property name="os.arch" value="amd64"/>
    <property name="java.vm.specification.name" value="Java Virtual Machine Specification"/>
    <property name="sun.os.patch.level" value=""/>
    <property name="java.library.path" value="C:\Program Files\Java\jdk-14.0.2\bin;C:\Windows\Sun\Java\bin;C:\Windows\system32;C:\Windows;C:\Program Files (x86)\Common Files\Oracle\Java\javapath;F:\TRICENTIS\Tosca Testsuite\ToscaCommander;;F:\TRICENTIS\Tosca Testsuite\Classic;F:\TRICENTIS\Tosca Testsuite\Classic\dll;F:\TRICENTIS\Tosca Testsuite\Classic\dll\GuptaEngine;F:\TRICENTIS\Tosca Testsuite\ToscaCommander;F:\TRICENTIS\Tosca Testsuite\Classic\dll\DelphiEngine;F:\TRICENTIS\Tosca Testsuite\Classic\dll\PBEngine;F:\TRICENTIS\Tosca Testsuite\Classic\dll\VBEngine;F:\TRICENTIS\Tosca Testsuite\Classic\dll\DotNetHooking;;C:\Windows\system32;C:\Windows;C:\Windows\System32\Wbem;C:\Windows\System32\WindowsPowerShell\v1.0\;C:\Windows\System32\OpenSSH\;C:\Program Files (x86)\NVIDIA Corporation\PhysX\Common;C:\Program Files\NVIDIA Corporation\NVIDIA NvDLISR;C:\Program Files\Java\jdk-14.0.2\bin;E:\apache-maven-3.6.3\bin;F:\GIT\Git\cmd;C:\Users\Dinesh Arul\AppData\Local\Microsoft\WindowsApps;;."/>
    <property name="java.vm.info" value="mixed mode, sharing"/>
    <property name="java.vendor" value="Oracle Corporation"/>
    <property name="java.vm.version" value="14.0.2+12-46"/>
    <property name="sun.io.unicode.encoding" value="UnicodeLittle"/>
    <property name="java.class.version" value="58.0"/>
  </properties>
  <testcase name="start" classname="Deekay.MavenUndrstanding.MavenTest" time="0.005"/>
  <testcase name="shouldAnswerWithTrue" classname="Deekay.MavenUndrstanding.AppTest" time="0.001"/>
</testsuite>