<?xml version="1.0" encoding="UTF-8"?>
<!-- Generated by org.testng.reporters.JUnitReportReporter -->
<testsuite hostname="DeekayV3" failures="0" tests="1" name="Deekay.MavenUndrstanding.MavenTest" time="0.004" errors="0" timestamp="2020-10-06T12:34:08 IST" skipped="0">
  <testcase classname="Deekay.MavenUndrstanding.MavenTest" name="start" time="0.004"/>
  <system-out/>
</testsuite> <!-- Deekay.MavenUndrstanding.MavenTest -->
