<?xml version="1.0" encoding="UTF-8"?>
<!-- Generated by org.testng.reporters.JUnitReportReporter -->
<testsuite hostname="DeekayV3" failures="0" tests="1" name="Deekay.MavenUndrstanding.notincludedTest" time="0.001" errors="0" timestamp="2020-10-06T12:42:59 IST" skipped="0">
  <testcase classname="Deekay.MavenUndrstanding.notincludedTest" name="notinclude" time="0.001"/>
  <system-out/>
</testsuite> <!-- Deekay.MavenUndrstanding.notincludedTest -->
