<?xml version="1.0" encoding="UTF-8"?>
<!-- Generated by org.testng.reporters.JUnitReportReporter -->
<testsuite hostname="DeekayV3" failures="0" tests="1" name="Deekay.MavenUndrstanding.AppTest" time="0.002" errors="0" timestamp="2020-10-06T12:56:15 IST" skipped="0">
  <testcase classname="Deekay.MavenUndrstanding.AppTest" name="shouldAnswerWithTrue" time="0.002"/>
  <system-out/>
</testsuite> <!-- Deekay.MavenUndrstanding.AppTest -->
